<?xml version="1.0" encoding="UTF-8"?>
<!-- Generated by org.testng.reporters.JUnitReportReporter -->
<testsuite hostname="SIPL92" failures="0" tests="1" name="rateScreenFedEx.RateVerification" time="1888.294" errors="0" timestamp="24 May 2022 06:11:45 GMT">
  <testcase classname="rateScreenFedEx.RateVerification" name="prService" time="1888.294"/>
</testsuite> <!-- rateScreenFedEx.RateVerification -->
