<?xml version="1.0" encoding="UTF-8"?>
<!-- Generated by org.testng.reporters.JUnitReportReporter -->
<testsuite hostname="SIPL92" failures="0" tests="1" name="shipmentFedExWebSite.CrudOperation" time="325.860" errors="0" timestamp="24 Mar 2022 04:24:10 GMT">
  <testcase classname="shipmentFedExWebSite.CrudOperation" name="crudOperations" time="325.860"/>
</testsuite> <!-- shipmentFedExWebSite.CrudOperation -->
