<?xml version="1.0" encoding="UTF-8"?>
<!-- Generated by org.testng.reporters.JUnitReportReporter -->
<testsuite hostname="SIPL92" failures="0" tests="1" name="shipmentFedExWebSite.ShipmentCreation" time="1476.100" errors="0" timestamp="28 Feb 2022 04:40:12 GMT">
  <testcase classname="shipmentFedExWebSite.ShipmentCreation" name="shipmentCreation" time="1476.100"/>
</testsuite> <!-- shipmentFedExWebSite.ShipmentCreation -->
