<?xml version="1.0" encoding="UTF-8"?>
<!-- Generated by org.testng.reporters.JUnitReportReporter -->
<testsuite hostname="SIPL92" failures="0" tests="1" name="com.fdxMasterScreens.BrokenLinks" time="61.587" errors="0" timestamp="13 May 2022 09:06:59 GMT">
  <testcase classname="com.fdxMasterScreens.BrokenLinks" name="brokenLinks" time="61.587"/>
</testsuite> <!-- com.fdxMasterScreens.BrokenLinks -->
