<?xml version="1.0" encoding="UTF-8"?>
<!-- Generated by org.testng.reporters.JUnitReportReporter -->
<testsuite hostname="SIPL92" failures="0" tests="1" name="rateScreenFedEx.RateVerification" time="1991.406" errors="0" timestamp="13 May 2022 09:02:16 GMT">
  <testcase classname="rateScreenFedEx.RateVerification" name="prService" time="1991.406"/>
</testsuite> <!-- rateScreenFedEx.RateVerification -->
