<?xml version="1.0" encoding="UTF-8"?>
<!-- Generated by org.testng.reporters.JUnitReportReporter -->
<testsuite hostname="SIPL92" failures="0" tests="1" name="shipmentFedExWebSite.ShipmentCreation" time="2458.267" errors="0" timestamp="13 May 2022 08:10:07 GMT">
  <testcase classname="shipmentFedExWebSite.ShipmentCreation" name="shipmentCreation" time="2458.267"/>
</testsuite> <!-- shipmentFedExWebSite.ShipmentCreation -->
