<?xml version="1.0" encoding="UTF-8"?>
<!-- Generated by org.testng.reporters.JUnitReportReporter -->
<testsuite hostname="SIPL92" failures="0" tests="1" name="shipmentFedExWebSite.CheetahOrderProcessing" time="388.243" errors="0" timestamp="1 Apr 2022 05:42:20 GMT">
  <testcase classname="shipmentFedExWebSite.CheetahOrderProcessing" name="cheetahOrderPro" time="388.243"/>
</testsuite> <!-- shipmentFedExWebSite.CheetahOrderProcessing -->
