<?xml version="1.0" encoding="UTF-8"?>
<!-- Generated by org.testng.reporters.JUnitReportReporter -->
<testsuite hostname="SIPL92" failures="0" tests="1" name="rateScreenFedEx.RateVerification" time="0.552" errors="0" timestamp="17 Mar 2022 08:59:34 GMT">
  <testcase classname="rateScreenFedEx.RateVerification" name="prService" time="0.552"/>
</testsuite> <!-- rateScreenFedEx.RateVerification -->
