<?xml version="1.0" encoding="UTF-8"?>
<!-- Generated by org.testng.reporters.JUnitReportReporter -->
<testsuite hostname="SIPL92" failures="0" tests="1" name="com.fdxMasterScreens.BrokenLinks" time="0.522" errors="0" timestamp="31 Mar 2022 04:12:20 GMT">
  <testcase classname="com.fdxMasterScreens.BrokenLinks" name="brokenLinks" time="0.522"/>
</testsuite> <!-- com.fdxMasterScreens.BrokenLinks -->
