<?xml version="1.0" encoding="UTF-8"?>
<!-- Generated by org.testng.reporters.JUnitReportReporter -->
<testsuite hostname="SIPL92" failures="0" tests="1" name="com.fdxMasterScreens.BrokenLinks" time="98.261" errors="0" timestamp="7 Apr 2022 05:02:39 GMT">
  <testcase classname="com.fdxMasterScreens.BrokenLinks" name="brokenLinks" time="98.261"/>
</testsuite> <!-- com.fdxMasterScreens.BrokenLinks -->
