<?xml version="1.0" encoding="UTF-8"?>
<!-- Generated by org.testng.reporters.JUnitReportReporter -->
<testsuite hostname="SIPL92" failures="0" tests="1" name="shipmentFedExWebSite.ShipmentCreation" time="105.622" errors="0" timestamp="28 Apr 2022 13:05:06 GMT">
  <testcase classname="shipmentFedExWebSite.ShipmentCreation" name="shipmentCreation" time="105.622"/>
</testsuite> <!-- shipmentFedExWebSite.ShipmentCreation -->
