<?xml version="1.0" encoding="UTF-8"?>
<!-- Generated by org.testng.reporters.JUnitReportReporter -->
<testsuite hostname="SIPL92" failures="0" tests="1" name="shipmentFedExWebSite.ShipmentCreation" time="1059.646" errors="0" timestamp="15 Jun 2022 10:23:49 GMT">
  <testcase classname="shipmentFedExWebSite.ShipmentCreation" name="shipmentCreation" time="1059.646"/>
</testsuite> <!-- shipmentFedExWebSite.ShipmentCreation -->
