<?xml version="1.0" encoding="UTF-8"?>
<!-- Generated by org.testng.reporters.JUnitReportReporter -->
<testsuite hostname="SIPL92" failures="0" tests="1" name="com.fdxMasterScreens.BaseClass" time="16.379" errors="0" timestamp="6 Apr 2022 09:21:30 GMT">
  <testcase classname="com.fdxMasterScreens.BaseClass" name="baseMethods" time="16.379"/>
</testsuite> <!-- com.fdxMasterScreens.BaseClass -->
