<?xml version="1.0" encoding="UTF-8"?>
<!-- Generated by org.testng.reporters.JUnitReportReporter -->
<testsuite hostname="SIPL92" failures="0" tests="1" name="rateScreenFedEx.RateVerification" time="1860.262" errors="0" timestamp="21 Jun 2022 10:34:02 GMT">
  <testcase classname="rateScreenFedEx.RateVerification" name="prService" time="1860.262"/>
</testsuite> <!-- rateScreenFedEx.RateVerification -->
