<?xml version="1.0" encoding="UTF-8"?>
<!-- Generated by org.testng.reporters.JUnitReportReporter -->
<testsuite hostname="SIPL92" failures="0" tests="1" name="com.fdxMasterScreens.BaseClass" time="265.760" errors="0" timestamp="2022-06-28T19:38:13 IST" skipped="0">
  <testcase classname="com.fdxMasterScreens.BaseClass" name="baseMethods" time="265.760"/>
  <system-out/>
</testsuite> <!-- com.fdxMasterScreens.BaseClass -->
