<?xml version="1.0" encoding="UTF-8"?>
<!-- Generated by org.testng.reporters.JUnitReportReporter -->
<testsuite hostname="SIPL92" failures="0" tests="1" name="com.fdxMasterScreens.BaseClass" time="15.509" errors="0" timestamp="27 Apr 2022 09:29:57 GMT">
  <testcase classname="com.fdxMasterScreens.BaseClass" name="baseMethods" time="15.509"/>
</testsuite> <!-- com.fdxMasterScreens.BaseClass -->
