<?xml version="1.0" encoding="UTF-8"?>
<!-- Generated by org.testng.reporters.JUnitReportReporter -->
<testsuite hostname="SIPL92" failures="0" tests="1" name="shipmentFedExWebSite.CrudOperation" time="288.230" errors="0" timestamp="28 Apr 2022 05:18:30 GMT">
  <testcase classname="shipmentFedExWebSite.CrudOperation" name="crudOperations" time="288.230"/>
</testsuite> <!-- shipmentFedExWebSite.CrudOperation -->
