<?xml version="1.0" encoding="UTF-8"?>
<!-- Generated by org.testng.reporters.JUnitReportReporter -->
<testsuite hostname="SIPL92" failures="0" tests="1" name="com.fdxMasterScreens.BrokenLinks" time="102.637" errors="0" timestamp="29 Mar 2022 04:10:13 GMT">
  <testcase classname="com.fdxMasterScreens.BrokenLinks" name="brokenLinks" time="102.637"/>
</testsuite> <!-- com.fdxMasterScreens.BrokenLinks -->
