<?xml version="1.0" encoding="UTF-8"?>
<!-- Generated by org.testng.reporters.JUnitReportReporter -->
<testsuite hostname="SIPL92" failures="0" tests="1" name="rateScreenFedEx.RateVerification" time="62.598" errors="0" timestamp="20 May 2022 15:50:37 GMT">
  <testcase classname="rateScreenFedEx.RateVerification" name="prService" time="62.598"/>
</testsuite> <!-- rateScreenFedEx.RateVerification -->
