<?xml version="1.0" encoding="UTF-8"?>
<!-- Generated by org.testng.reporters.JUnitReportReporter -->
<testsuite hostname="SIPL92" failures="0" tests="1" name="rateScreenFedEx.RateVerification" time="1538.608" errors="0" timestamp="6 Apr 2022 09:21:30 GMT">
  <testcase classname="rateScreenFedEx.RateVerification" name="prService" time="1538.608"/>
</testsuite> <!-- rateScreenFedEx.RateVerification -->
