<?xml version="1.0" encoding="UTF-8"?>
<!-- Generated by org.testng.reporters.JUnitReportReporter -->
<testsuite hostname="SIPL92" failures="0" tests="1" name="shipmentFedExWebSite.CheetahOrderProcessing" time="351.950" errors="0" timestamp="31 Mar 2022 04:12:20 GMT">
  <testcase classname="shipmentFedExWebSite.CheetahOrderProcessing" name="cheetahOrderPro" time="351.950"/>
</testsuite> <!-- shipmentFedExWebSite.CheetahOrderProcessing -->
