<?xml version="1.0" encoding="UTF-8"?>
<!-- Generated by org.testng.reporters.JUnitReportReporter -->
<testsuite hostname="SIPL92" failures="0" tests="1" name="shipmentFedExWebSite.CrudOperation" time="264.337" errors="0" timestamp="6 May 2022 04:04:17 GMT">
  <testcase classname="shipmentFedExWebSite.CrudOperation" name="crudOperations" time="264.337"/>
</testsuite> <!-- shipmentFedExWebSite.CrudOperation -->
