<?xml version="1.0" encoding="UTF-8"?>
<!-- Generated by org.testng.reporters.JUnitReportReporter -->
<testsuite hostname="SIPL92" failures="0" tests="1" name="rateScreenFedEx.RateVerification" time="1953.846" errors="0" timestamp="25 May 2022 04:59:48 GMT">
  <testcase classname="rateScreenFedEx.RateVerification" name="prService" time="1953.846"/>
</testsuite> <!-- rateScreenFedEx.RateVerification -->
