<?xml version="1.0" encoding="UTF-8"?>
<!-- Generated by org.testng.reporters.JUnitReportReporter -->
<testsuite hostname="SIPL92" failures="0" tests="1" name="shipmentFedExWebSite.CheetahOrderProcessing" time="438.332" errors="0" timestamp="28 Apr 2022 05:18:30 GMT">
  <testcase classname="shipmentFedExWebSite.CheetahOrderProcessing" name="cheetahOrderPro" time="438.332"/>
</testsuite> <!-- shipmentFedExWebSite.CheetahOrderProcessing -->
