<?xml version="1.0" encoding="UTF-8"?>
<!-- Generated by org.testng.reporters.JUnitReportReporter -->
<testsuite hostname="SIPL92" failures="0" tests="1" name="rateScreenFedEx.RateVerification" time="952.137" errors="0" timestamp="18 Jun 2022 04:38:02 GMT">
  <testcase classname="rateScreenFedEx.RateVerification" name="prService" time="952.137"/>
</testsuite> <!-- rateScreenFedEx.RateVerification -->
