<?xml version="1.0" encoding="UTF-8"?>
<!-- Generated by org.testng.reporters.JUnitReportReporter -->
<testsuite hostname="SIPL92" failures="0" tests="1" name="shipmentFedExWebSite.CrudOperation" time="367.304" errors="0" timestamp="5 Apr 2022 04:04:44 GMT">
  <testcase classname="shipmentFedExWebSite.CrudOperation" name="crudOperations" time="367.304"/>
</testsuite> <!-- shipmentFedExWebSite.CrudOperation -->
