<?xml version="1.0" encoding="UTF-8"?>
<!-- Generated by org.testng.reporters.JUnitReportReporter -->
<testsuite hostname="SIPL92" failures="0" tests="1" name="com.fdxMasterScreens.BaseClass" time="205.827" errors="0" timestamp="21 Jun 2022 11:01:11 GMT">
  <testcase classname="com.fdxMasterScreens.BaseClass" name="baseMethods" time="205.827"/>
</testsuite> <!-- com.fdxMasterScreens.BaseClass -->
