<?xml version="1.0" encoding="UTF-8"?>
<!-- Generated by org.testng.reporters.JUnitReportReporter -->
<testsuite hostname="SIPL92" failures="0" tests="1" name="com.fdxMasterScreens.BaseClass" time="335.626" errors="0" timestamp="17 Mar 2022 08:59:34 GMT">
  <testcase classname="com.fdxMasterScreens.BaseClass" name="baseMethods" time="335.626"/>
</testsuite> <!-- com.fdxMasterScreens.BaseClass -->
