<?xml version="1.0" encoding="UTF-8"?>
<!-- Generated by org.testng.reporters.JUnitReportReporter -->
<testsuite hostname="SIPL92" failures="0" tests="1" name="rateScreenFedEx.RateVerification" time="1836.705" errors="0" timestamp="14 Jun 2022 11:09:27 GMT">
  <testcase classname="rateScreenFedEx.RateVerification" name="prService" time="1836.705"/>
</testsuite> <!-- rateScreenFedEx.RateVerification -->
