<?xml version="1.0" encoding="UTF-8"?>
<!-- Generated by org.testng.reporters.JUnitReportReporter -->
<testsuite hostname="SIPL92" failures="0" tests="1" name="shipmentFedExWebSite.CrudOperation" time="298.097" errors="0" timestamp="14 Jun 2022 11:09:27 GMT">
  <testcase classname="shipmentFedExWebSite.CrudOperation" name="crudOperations" time="298.097"/>
</testsuite> <!-- shipmentFedExWebSite.CrudOperation -->
