<?xml version="1.0" encoding="UTF-8"?>
<!-- Generated by org.testng.reporters.JUnitReportReporter -->
<testsuite hostname="SIPL92" failures="0" tests="1" name="shipmentFedExWebSite.CrudOperation" time="316.883" errors="0" timestamp="31 Mar 2022 06:29:34 GMT">
  <testcase classname="shipmentFedExWebSite.CrudOperation" name="crudOperations" time="316.883"/>
</testsuite> <!-- shipmentFedExWebSite.CrudOperation -->
