<?xml version="1.0" encoding="UTF-8"?>
<!-- Generated by org.testng.reporters.JUnitReportReporter -->
<testsuite hostname="SIPL92" failures="0" tests="1" name="com.fdxMasterScreens.BaseClass" time="16.902" errors="0" timestamp="29 Apr 2022 04:03:16 GMT">
  <testcase classname="com.fdxMasterScreens.BaseClass" name="baseMethods" time="16.902"/>
</testsuite> <!-- com.fdxMasterScreens.BaseClass -->
