<?xml version="1.0" encoding="UTF-8"?>
<!-- Generated by org.testng.reporters.JUnitReportReporter -->
<testsuite hostname="SIPL92" failures="0" tests="1" name="shipmentFedExWebSite.ShipmentCreation" time="4167.386" errors="0" timestamp="27 Jun 2022 05:34:48 GMT">
  <testcase classname="shipmentFedExWebSite.ShipmentCreation" name="shipmentCreation" time="4167.386"/>
</testsuite> <!-- shipmentFedExWebSite.ShipmentCreation -->
