<?xml version="1.0" encoding="UTF-8"?>
<!-- Generated by org.testng.reporters.JUnitReportReporter -->
<testsuite hostname="SIPL92" failures="0" tests="1" name="shipmentFedExWebSite.CheetahOrderProcessing" time="350.649" errors="0" timestamp="5 Apr 2022 12:23:37 GMT">
  <testcase classname="shipmentFedExWebSite.CheetahOrderProcessing" name="cheetahOrderPro" time="350.649"/>
</testsuite> <!-- shipmentFedExWebSite.CheetahOrderProcessing -->
