<?xml version="1.0" encoding="UTF-8"?>
<!-- Generated by org.testng.reporters.JUnitReportReporter -->
<testsuite hostname="SIPL92" failures="0" tests="1" name="com.fdxMasterScreens.BrokenLinks" time="97.650" errors="0" timestamp="4 May 2022 04:37:32 GMT">
  <testcase classname="com.fdxMasterScreens.BrokenLinks" name="brokenLinks" time="97.650"/>
</testsuite> <!-- com.fdxMasterScreens.BrokenLinks -->
