<?xml version="1.0" encoding="UTF-8"?>
<!-- Generated by org.testng.reporters.JUnitReportReporter -->
<testsuite hostname="SIPL92" failures="0" tests="1" name="com.fdxMasterScreens.BaseClass" time="241.229" errors="0" timestamp="1 Mar 2022 06:42:17 GMT">
  <testcase classname="com.fdxMasterScreens.BaseClass" name="baseMethods" time="241.229"/>
</testsuite> <!-- com.fdxMasterScreens.BaseClass -->
