<?xml version="1.0" encoding="UTF-8"?>
<!-- Generated by org.testng.reporters.JUnitReportReporter -->
<testsuite hostname="SIPL92" failures="0" tests="1" name="com.fdxMasterScreens.BrokenLinks" time="87.215" errors="0" timestamp="5 May 2022 08:12:59 GMT">
  <testcase classname="com.fdxMasterScreens.BrokenLinks" name="brokenLinks" time="87.215"/>
</testsuite> <!-- com.fdxMasterScreens.BrokenLinks -->
