<?xml version="1.0" encoding="UTF-8"?>
<!-- Generated by org.testng.reporters.JUnitReportReporter -->
<testsuite hostname="SIPL92" failures="0" tests="1" name="shipmentFedExWebSite.CrudOperation" time="251.007" errors="0" timestamp="27 Apr 2022 09:29:57 GMT">
  <testcase classname="shipmentFedExWebSite.CrudOperation" name="crudOperations" time="251.007"/>
</testsuite> <!-- shipmentFedExWebSite.CrudOperation -->
