<?xml version="1.0" encoding="UTF-8"?>
<!-- Generated by org.testng.reporters.JUnitReportReporter -->
<testsuite hostname="SIPL92" failures="0" tests="1" name="rateScreenFedEx.RateVerification" time="2041.084" errors="0" timestamp="4 May 2022 04:37:32 GMT">
  <testcase classname="rateScreenFedEx.RateVerification" name="prService" time="2041.084"/>
</testsuite> <!-- rateScreenFedEx.RateVerification -->
