<?xml version="1.0" encoding="UTF-8"?>
<!-- Generated by org.testng.reporters.JUnitReportReporter -->
<testsuite hostname="SIPL92" failures="0" tests="1" name="com.fdxMasterScreens.BaseClass" time="224.791" errors="0" timestamp="24 May 2022 06:11:45 GMT">
  <testcase classname="com.fdxMasterScreens.BaseClass" name="baseMethods" time="224.791"/>
</testsuite> <!-- com.fdxMasterScreens.BaseClass -->
