<?xml version="1.0" encoding="UTF-8"?>
<!-- Generated by org.testng.reporters.JUnitReportReporter -->
<testsuite hostname="SIPL92" failures="0" tests="1" name="com.fdxMasterScreens.BaseClass" time="217.010" errors="0" timestamp="23 Jun 2022 10:40:24 GMT">
  <testcase classname="com.fdxMasterScreens.BaseClass" name="baseMethods" time="217.010"/>
</testsuite> <!-- com.fdxMasterScreens.BaseClass -->
