<?xml version="1.0" encoding="UTF-8"?>
<!-- Generated by org.testng.reporters.JUnitReportReporter -->
<testsuite hostname="SIPL92" failures="0" tests="1" name="shipmentFedExWebSite.CheetahOrderProcessing" time="372.351" errors="0" timestamp="30 Mar 2022 13:09:32 GMT">
  <testcase classname="shipmentFedExWebSite.CheetahOrderProcessing" name="cheetahOrderPro" time="372.351"/>
</testsuite> <!-- shipmentFedExWebSite.CheetahOrderProcessing -->
