<?xml version="1.0" encoding="UTF-8"?>
<!-- Generated by org.testng.reporters.JUnitReportReporter -->
<testsuite hostname="SIPL92" failures="0" tests="1" name="shipmentFedExWebSite.CheetahOrderProcessing" time="96.240" errors="0" timestamp="7 Apr 2022 05:02:39 GMT">
  <testcase classname="shipmentFedExWebSite.CheetahOrderProcessing" name="cheetahOrderPro" time="96.240"/>
</testsuite> <!-- shipmentFedExWebSite.CheetahOrderProcessing -->
