<?xml version="1.0" encoding="UTF-8"?>
<!-- Generated by org.testng.reporters.JUnitReportReporter -->
<testsuite hostname="SIPL92" failures="0" tests="1" name="com.fdxMasterScreens.BrokenLinks" time="101.573" errors="0" timestamp="1 Apr 2022 04:03:55 GMT">
  <testcase classname="com.fdxMasterScreens.BrokenLinks" name="brokenLinks" time="101.573"/>
</testsuite> <!-- com.fdxMasterScreens.BrokenLinks -->
