<?xml version="1.0" encoding="UTF-8"?>
<!-- Generated by org.testng.reporters.JUnitReportReporter -->
<testsuite hostname="SIPL92" failures="0" tests="1" name="shipmentFedExWebSite.ShipmentCreation" time="1148.431" errors="0" timestamp="1 Apr 2022 05:34:42 GMT">
  <testcase classname="shipmentFedExWebSite.ShipmentCreation" name="shipmentCreation" time="1148.431"/>
</testsuite> <!-- shipmentFedExWebSite.ShipmentCreation -->
