<?xml version="1.0" encoding="UTF-8"?>
<!-- Generated by org.testng.reporters.JUnitReportReporter -->
<testsuite hostname="SIPL92" failures="0" tests="1" name="shipmentFedExWebSite.ShipmentCreation" time="0.653" errors="0" timestamp="15 Jun 2022 05:55:18 GMT">
  <testcase classname="shipmentFedExWebSite.ShipmentCreation" name="shipmentCreation" time="0.653"/>
</testsuite> <!-- shipmentFedExWebSite.ShipmentCreation -->
