<?xml version="1.0" encoding="UTF-8"?>
<!-- Generated by org.testng.reporters.JUnitReportReporter -->
<testsuite hostname="SIPL92" failures="0" tests="1" name="com.fdxMasterScreens.BrokenLinks" time="67.596" errors="0" timestamp="6 Apr 2022 09:21:30 GMT">
  <testcase classname="com.fdxMasterScreens.BrokenLinks" name="brokenLinks" time="67.596"/>
</testsuite> <!-- com.fdxMasterScreens.BrokenLinks -->
