<?xml version="1.0" encoding="UTF-8"?>
<!-- Generated by org.testng.reporters.JUnitReportReporter -->
<testsuite hostname="SIPL92" failures="0" tests="1" name="shipmentFedExWebSite.CheetahOrderProcessing" time="386.121" errors="0" timestamp="23 May 2022 05:13:15 GMT">
  <testcase classname="shipmentFedExWebSite.CheetahOrderProcessing" name="cheetahOrderPro" time="386.121"/>
</testsuite> <!-- shipmentFedExWebSite.CheetahOrderProcessing -->
