<?xml version="1.0" encoding="UTF-8"?>
<!-- Generated by org.testng.reporters.JUnitReportReporter -->
<testsuite hostname="SIPL92" failures="0" tests="1" name="com.fdxMasterScreens.BrokenLinks" time="69.126" errors="0" timestamp="23 Jun 2022 09:39:26 GMT">
  <testcase classname="com.fdxMasterScreens.BrokenLinks" name="brokenLinks" time="69.126"/>
</testsuite> <!-- com.fdxMasterScreens.BrokenLinks -->
