<?xml version="1.0" encoding="UTF-8"?>
<!-- Generated by org.testng.reporters.JUnitReportReporter -->
<testsuite hostname="SIPL92" failures="0" tests="1" name="shipmentFedExWebSite.ShipmentCreation" time="1162.155" errors="0" timestamp="31 Mar 2022 06:19:24 GMT">
  <testcase classname="shipmentFedExWebSite.ShipmentCreation" name="shipmentCreation" time="1162.155"/>
</testsuite> <!-- shipmentFedExWebSite.ShipmentCreation -->
