<?xml version="1.0" encoding="UTF-8"?>
<!-- Generated by org.testng.reporters.JUnitReportReporter -->
<testsuite hostname="SIPL92" failures="0" tests="1" name="com.fdxMasterScreens.BrokenLinks" time="95.596" errors="0" timestamp="26 May 2022 06:41:04 GMT">
  <testcase classname="com.fdxMasterScreens.BrokenLinks" name="brokenLinks" time="95.596"/>
</testsuite> <!-- com.fdxMasterScreens.BrokenLinks -->
