<?xml version="1.0" encoding="UTF-8"?>
<!-- Generated by org.testng.reporters.JUnitReportReporter -->
<testsuite hostname="SIPL92" failures="0" tests="1" name="shipmentFedExWebSite.ShipmentCreation" time="237.813" errors="0" timestamp="23 Jun 2022 09:39:26 GMT">
  <testcase classname="shipmentFedExWebSite.ShipmentCreation" name="shipmentCreation" time="237.813"/>
</testsuite> <!-- shipmentFedExWebSite.ShipmentCreation -->
