<?xml version="1.0" encoding="UTF-8"?>
<!-- Generated by org.testng.reporters.JUnitReportReporter -->
<testsuite hostname="SIPL92" failures="0" tests="1" name="shipmentFedExWebSite.CheetahOrderProcessing" time="383.305" errors="0" timestamp="28 Mar 2022 05:25:22 GMT">
  <testcase classname="shipmentFedExWebSite.CheetahOrderProcessing" name="cheetahOrderPro" time="383.305"/>
</testsuite> <!-- shipmentFedExWebSite.CheetahOrderProcessing -->
