<?xml version="1.0" encoding="UTF-8"?>
<!-- Generated by org.testng.reporters.JUnitReportReporter -->
<testsuite hostname="SIPL92" failures="0" tests="1" name="rateScreenFedEx.RateVerification" time="1860.068" errors="0" timestamp="26 May 2022 06:41:04 GMT">
  <testcase classname="rateScreenFedEx.RateVerification" name="prService" time="1860.068"/>
</testsuite> <!-- rateScreenFedEx.RateVerification -->
