<?xml version="1.0" encoding="UTF-8"?>
<!-- Generated by org.testng.reporters.JUnitReportReporter -->
<testsuite hostname="SIPL92" failures="0" tests="1" name="rateScreenFedEx.RateVerification" time="0.613" errors="0" timestamp="1 Apr 2022 04:03:55 GMT">
  <testcase classname="rateScreenFedEx.RateVerification" name="prService" time="0.613"/>
</testsuite> <!-- rateScreenFedEx.RateVerification -->
