<?xml version="1.0" encoding="UTF-8"?>
<!-- Generated by org.testng.reporters.JUnitReportReporter -->
<testsuite hostname="SIPL92" failures="0" tests="1" name="rateScreenFedEx.RateVerification" time="1890.505" errors="0" timestamp="15 Jun 2022 10:23:49 GMT">
  <testcase classname="rateScreenFedEx.RateVerification" name="prService" time="1890.505"/>
</testsuite> <!-- rateScreenFedEx.RateVerification -->
