<?xml version="1.0" encoding="UTF-8"?>
<!-- Generated by org.testng.reporters.JUnitReportReporter -->
<testsuite hostname="SIPL92" failures="0" tests="1" name="shipmentFedExWebSite.CheetahOrderProcessing" time="331.958" errors="0" timestamp="19 May 2022 09:01:13 GMT">
  <testcase classname="shipmentFedExWebSite.CheetahOrderProcessing" name="cheetahOrderPro" time="331.958"/>
</testsuite> <!-- shipmentFedExWebSite.CheetahOrderProcessing -->
