<?xml version="1.0" encoding="UTF-8"?>
<!-- Generated by org.testng.reporters.JUnitReportReporter -->
<testsuite hostname="SIPL92" failures="0" tests="1" name="rateScreenFedEx.RateVerification" time="1902.098" errors="0" timestamp="27 Jun 2022 05:34:48 GMT">
  <testcase classname="rateScreenFedEx.RateVerification" name="prService" time="1902.098"/>
</testsuite> <!-- rateScreenFedEx.RateVerification -->
