<?xml version="1.0" encoding="UTF-8"?>
<!-- Generated by org.testng.reporters.JUnitReportReporter -->
<testsuite hostname="SIPL92" failures="0" tests="1" name="shipmentFedExWebSite.CheetahOrderProcessing" time="329.994" errors="0" timestamp="14 Jun 2022 11:54:16 GMT">
  <testcase classname="shipmentFedExWebSite.CheetahOrderProcessing" name="cheetahOrderPro" time="329.994"/>
</testsuite> <!-- shipmentFedExWebSite.CheetahOrderProcessing -->
