<?xml version="1.0" encoding="UTF-8"?>
<!-- Generated by org.testng.reporters.JUnitReportReporter -->
<testsuite hostname="SIPL92" failures="0" tests="1" name="shipmentFedExWebSite.ShipmentCreation" time="598.532" errors="0" timestamp="29 Apr 2022 06:58:25 GMT">
  <testcase classname="shipmentFedExWebSite.ShipmentCreation" name="shipmentCreation" time="598.532"/>
</testsuite> <!-- shipmentFedExWebSite.ShipmentCreation -->
