<?xml version="1.0" encoding="UTF-8"?>
<!-- Generated by org.testng.reporters.JUnitReportReporter -->
<testsuite hostname="SIPL92" failures="0" tests="1" name="shipmentFedExWebSite.ShipmentCreation" time="314.509" errors="0" timestamp="28 Mar 2022 06:23:29 GMT">
  <testcase classname="shipmentFedExWebSite.ShipmentCreation" name="shipmentCreation" time="314.509"/>
</testsuite> <!-- shipmentFedExWebSite.ShipmentCreation -->
