<?xml version="1.0" encoding="UTF-8"?>
<!-- Generated by org.testng.reporters.JUnitReportReporter -->
<testsuite hostname="SIPL92" failures="0" tests="1" name="com.fdxMasterScreens.BrokenLinks" time="88.543" errors="0" timestamp="27 Jun 2022 05:34:48 GMT">
  <testcase classname="com.fdxMasterScreens.BrokenLinks" name="brokenLinks" time="88.543"/>
</testsuite> <!-- com.fdxMasterScreens.BrokenLinks -->
