<?xml version="1.0" encoding="UTF-8"?>
<!-- Generated by org.testng.reporters.JUnitReportReporter -->
<testsuite hostname="SIPL92" failures="0" tests="1" name="shipmentFedExWebSite.CheetahOrderProcessing" time="435.150" errors="0" timestamp="6 May 2022 04:04:17 GMT">
  <testcase classname="shipmentFedExWebSite.CheetahOrderProcessing" name="cheetahOrderPro" time="435.150"/>
</testsuite> <!-- shipmentFedExWebSite.CheetahOrderProcessing -->
