<?xml version="1.0" encoding="UTF-8"?>
<!-- Generated by org.testng.reporters.JUnitReportReporter -->
<testsuite hostname="SIPL92" failures="0" tests="1" name="com.fdxMasterScreens.BaseClass" time="21.828" errors="0" timestamp="30 Mar 2022 04:05:48 GMT">
  <testcase classname="com.fdxMasterScreens.BaseClass" name="baseMethods" time="21.828"/>
</testsuite> <!-- com.fdxMasterScreens.BaseClass -->
