<?xml version="1.0" encoding="UTF-8"?>
<!-- Generated by org.testng.reporters.JUnitReportReporter -->
<testsuite hostname="SIPL92" failures="0" tests="1" name="shipmentFedExWebSite.CheetahOrderProcessing" time="90.540" errors="0" timestamp="27 Apr 2022 09:29:57 GMT">
  <testcase classname="shipmentFedExWebSite.CheetahOrderProcessing" name="cheetahOrderPro" time="90.540"/>
</testsuite> <!-- shipmentFedExWebSite.CheetahOrderProcessing -->
