<?xml version="1.0" encoding="UTF-8"?>
<!-- Generated by org.testng.reporters.JUnitReportReporter -->
<testsuite hostname="SIPL92" failures="0" tests="1" name="shipmentFedExWebSite.CheetahOrderProcessing" time="46.104" errors="0" timestamp="17 Mar 2022 08:59:34 GMT">
  <testcase classname="shipmentFedExWebSite.CheetahOrderProcessing" name="cheetahOrderPro" time="46.104"/>
</testsuite> <!-- shipmentFedExWebSite.CheetahOrderProcessing -->
