<?xml version="1.0" encoding="UTF-8"?>
<!-- Generated by org.testng.reporters.JUnitReportReporter -->
<testsuite hostname="SIPL92" failures="0" tests="1" name="com.fdxMasterScreens.BrokenLinks" time="100.030" errors="0" timestamp="28 Mar 2022 05:25:22 GMT">
  <testcase classname="com.fdxMasterScreens.BrokenLinks" name="brokenLinks" time="100.030"/>
</testsuite> <!-- com.fdxMasterScreens.BrokenLinks -->
