<?xml version="1.0" encoding="UTF-8"?>
<!-- Generated by org.testng.reporters.JUnitReportReporter -->
<testsuite hostname="SIPL92" failures="0" tests="1" name="shipmentFedExWebSite.CheetahOrderProcessing" time="363.992" errors="0" timestamp="23 Mar 2022 04:23:40 GMT">
  <testcase classname="shipmentFedExWebSite.CheetahOrderProcessing" name="cheetahOrderPro" time="363.992"/>
</testsuite> <!-- shipmentFedExWebSite.CheetahOrderProcessing -->
