<?xml version="1.0" encoding="UTF-8"?>
<!-- Generated by org.testng.reporters.JUnitReportReporter -->
<testsuite hostname="SIPL92" failures="0" tests="1" name="com.fdxMasterScreens.BrokenLinks" time="105.965" errors="0" timestamp="28 Apr 2022 05:18:30 GMT">
  <testcase classname="com.fdxMasterScreens.BrokenLinks" name="brokenLinks" time="105.965"/>
</testsuite> <!-- com.fdxMasterScreens.BrokenLinks -->
