<?xml version="1.0" encoding="UTF-8"?>
<!-- Generated by org.testng.reporters.JUnitReportReporter -->
<testsuite hostname="SIPL92" failures="0" tests="1" name="rateScreenFedEx.RateVerification" time="0.821" errors="0" timestamp="31 Mar 2022 04:12:20 GMT">
  <testcase classname="rateScreenFedEx.RateVerification" name="prService" time="0.821"/>
</testsuite> <!-- rateScreenFedEx.RateVerification -->
