<?xml version="1.0" encoding="UTF-8"?>
<!-- Generated by org.testng.reporters.JUnitReportReporter -->
<testsuite hostname="SIPL92" failures="0" tests="1" name="shipmentFedExWebSite.CrudOperation" time="403.927" errors="0" timestamp="28 Mar 2022 06:42:28 GMT">
  <testcase classname="shipmentFedExWebSite.CrudOperation" name="crudOperations" time="403.927"/>
</testsuite> <!-- shipmentFedExWebSite.CrudOperation -->
