<?xml version="1.0" encoding="UTF-8"?>
<!-- Generated by org.testng.reporters.JUnitReportReporter -->
<testsuite hostname="SIPL92" failures="0" tests="1" name="shipmentFedExWebSite.CheetahOrderProcessing" time="387.149" errors="0" timestamp="28 Feb 2022 05:09:54 GMT">
  <testcase classname="shipmentFedExWebSite.CheetahOrderProcessing" name="cheetahOrderPro" time="387.149"/>
</testsuite> <!-- shipmentFedExWebSite.CheetahOrderProcessing -->
