<?xml version="1.0" encoding="UTF-8"?>
<!-- Generated by org.testng.reporters.JUnitReportReporter -->
<testsuite hostname="SIPL92" failures="0" tests="1" name="shipmentFedExWebSite.CrudOperation" time="287.331" errors="0" timestamp="23 Jun 2022 10:40:24 GMT">
  <testcase classname="shipmentFedExWebSite.CrudOperation" name="crudOperations" time="287.331"/>
</testsuite> <!-- shipmentFedExWebSite.CrudOperation -->
