<?xml version="1.0" encoding="UTF-8"?>
<!-- Generated by org.testng.reporters.JUnitReportReporter -->
<testsuite hostname="SIPL92" failures="0" tests="1" name="shipmentFedExWebSite.CrudOperation" time="262.966" errors="0" timestamp="27 Jun 2022 05:34:48 GMT">
  <testcase classname="shipmentFedExWebSite.CrudOperation" name="crudOperations" time="262.966"/>
</testsuite> <!-- shipmentFedExWebSite.CrudOperation -->
