<?xml version="1.0" encoding="UTF-8"?>
<!-- Generated by org.testng.reporters.JUnitReportReporter -->
<testsuite hostname="SIPL92" failures="0" tests="1" name="shipmentFedExWebSite.CheetahOrderProcessing" time="364.775" errors="0" timestamp="5 May 2022 08:12:59 GMT">
  <testcase classname="shipmentFedExWebSite.CheetahOrderProcessing" name="cheetahOrderPro" time="364.775"/>
</testsuite> <!-- shipmentFedExWebSite.CheetahOrderProcessing -->
