<?xml version="1.0" encoding="UTF-8"?>
<!-- Generated by org.testng.reporters.JUnitReportReporter -->
<testsuite hostname="SIPL92" failures="0" tests="1" name="shipmentFedExWebSite.CrudOperation" time="316.965" errors="0" timestamp="19 May 2022 09:01:13 GMT">
  <testcase classname="shipmentFedExWebSite.CrudOperation" name="crudOperations" time="316.965"/>
</testsuite> <!-- shipmentFedExWebSite.CrudOperation -->
