<?xml version="1.0" encoding="UTF-8"?>
<!-- Generated by org.testng.reporters.JUnitReportReporter -->
<testsuite hostname="SIPL92" failures="0" tests="1" name="shipmentFedExWebSite.CrudOperation" time="289.898" errors="0" timestamp="1 Apr 2022 04:03:55 GMT">
  <testcase classname="shipmentFedExWebSite.CrudOperation" name="crudOperations" time="289.898"/>
</testsuite> <!-- shipmentFedExWebSite.CrudOperation -->
