<?xml version="1.0" encoding="UTF-8"?>
<!-- Generated by org.testng.reporters.JUnitReportReporter -->
<testsuite hostname="SIPL92" failures="0" tests="1" name="shipmentFedExWebSite.ShipmentCreation" time="290.999" errors="0" timestamp="24 Mar 2022 11:59:37 GMT">
  <testcase classname="shipmentFedExWebSite.ShipmentCreation" name="shipmentCreation" time="290.999"/>
</testsuite> <!-- shipmentFedExWebSite.ShipmentCreation -->
