<?xml version="1.0" encoding="UTF-8"?>
<!-- Generated by org.testng.reporters.JUnitReportReporter -->
<testsuite hostname="SIPL92" failures="0" tests="1" name="rateScreenFedEx.RateVerification" time="1886.191" errors="0" timestamp="5 Apr 2022 11:14:04 GMT">
  <testcase classname="rateScreenFedEx.RateVerification" name="prService" time="1886.191"/>
</testsuite> <!-- rateScreenFedEx.RateVerification -->
