<?xml version="1.0" encoding="UTF-8"?>
<!-- Generated by org.testng.reporters.JUnitReportReporter -->
<testsuite hostname="SIPL92" failures="0" tests="1" name="com.fdxMasterScreens.BrokenLinks" time="0.421" errors="0" timestamp="21 Jun 2022 10:34:02 GMT">
  <testcase classname="com.fdxMasterScreens.BrokenLinks" name="brokenLinks" time="0.421"/>
</testsuite> <!-- com.fdxMasterScreens.BrokenLinks -->
