<?xml version="1.0" encoding="UTF-8"?>
<!-- Generated by org.testng.reporters.JUnitReportReporter -->
<testsuite hostname="SIPL92" failures="0" tests="1" name="com.fdxMasterScreens.BrokenLinks" time="76.809" errors="0" timestamp="24 May 2022 06:11:45 GMT">
  <testcase classname="com.fdxMasterScreens.BrokenLinks" name="brokenLinks" time="76.809"/>
</testsuite> <!-- com.fdxMasterScreens.BrokenLinks -->
