<?xml version="1.0" encoding="UTF-8"?>
<!-- Generated by org.testng.reporters.JUnitReportReporter -->
<testsuite hostname="SIPL92" failures="0" tests="1" name="com.fdxMasterScreens.BrokenLinks" time="111.379" errors="0" timestamp="6 May 2022 04:04:17 GMT">
  <testcase classname="com.fdxMasterScreens.BrokenLinks" name="brokenLinks" time="111.379"/>
</testsuite> <!-- com.fdxMasterScreens.BrokenLinks -->
