<?xml version="1.0" encoding="UTF-8"?>
<!-- Generated by org.testng.reporters.JUnitReportReporter -->
<testsuite hostname="SIPL92" failures="0" tests="1" name="rateScreenFedEx.RateVerification" time="2050.510" errors="0" timestamp="28 Apr 2022 07:55:15 GMT">
  <testcase classname="rateScreenFedEx.RateVerification" name="prService" time="2050.510"/>
</testsuite> <!-- rateScreenFedEx.RateVerification -->
