<?xml version="1.0" encoding="UTF-8"?>
<!-- Generated by org.testng.reporters.JUnitReportReporter -->
<testsuite hostname="SIPL92" failures="0" tests="1" name="shipmentFedExWebSite.ShipmentCreation" time="1862.727" errors="0" timestamp="14 Jun 2022 04:51:19 GMT">
  <testcase classname="shipmentFedExWebSite.ShipmentCreation" name="shipmentCreation" time="1862.727"/>
</testsuite> <!-- shipmentFedExWebSite.ShipmentCreation -->
