<?xml version="1.0" encoding="UTF-8"?>
<!-- Generated by org.testng.reporters.JUnitReportReporter -->
<testsuite hostname="SIPL92" failures="0" tests="1" name="shipmentFedExWebSite.ShipmentCreation" time="2422.202" errors="0" timestamp="6 Apr 2022 09:21:30 GMT">
  <testcase classname="shipmentFedExWebSite.ShipmentCreation" name="shipmentCreation" time="2422.202"/>
</testsuite> <!-- shipmentFedExWebSite.ShipmentCreation -->
