<?xml version="1.0" encoding="UTF-8"?>
<!-- Generated by org.testng.reporters.JUnitReportReporter -->
<testsuite hostname="SIPL92" failures="0" tests="1" name="com.fdxMasterScreens.BrokenLinks" time="81.982" errors="0" timestamp="25 May 2022 04:59:48 GMT">
  <testcase classname="com.fdxMasterScreens.BrokenLinks" name="brokenLinks" time="81.982"/>
</testsuite> <!-- com.fdxMasterScreens.BrokenLinks -->
