<?xml version="1.0" encoding="UTF-8"?>
<!-- Generated by org.testng.reporters.JUnitReportReporter -->
<testsuite hostname="SIPL92" failures="0" tests="1" name="rateScreenFedEx.RateVerification" time="117.631" errors="0" timestamp="25 Feb 2022 04:21:33 GMT">
  <testcase classname="rateScreenFedEx.RateVerification" name="prService" time="117.631"/>
</testsuite> <!-- rateScreenFedEx.RateVerification -->
