<?xml version="1.0" encoding="UTF-8"?>
<!-- Generated by org.testng.reporters.JUnitReportReporter -->
<testsuite hostname="SIPL92" failures="0" tests="1" name="shipmentFedExWebSite.ShipmentCreation" time="2680.835" errors="0" timestamp="19 May 2022 10:13:12 GMT">
  <testcase classname="shipmentFedExWebSite.ShipmentCreation" name="shipmentCreation" time="2680.835"/>
</testsuite> <!-- shipmentFedExWebSite.ShipmentCreation -->
