<?xml version="1.0" encoding="UTF-8"?>
<!-- Generated by org.testng.reporters.JUnitReportReporter -->
<testsuite hostname="SIPL92" failures="0" tests="1" name="shipmentFedExWebSite.CheetahOrderProcessing" time="815.161" errors="0" timestamp="21 Jun 2022 10:49:32 GMT">
  <testcase classname="shipmentFedExWebSite.CheetahOrderProcessing" name="cheetahOrderPro" time="815.161"/>
</testsuite> <!-- shipmentFedExWebSite.CheetahOrderProcessing -->
