<?xml version="1.0" encoding="UTF-8"?>
<!-- Generated by org.testng.reporters.JUnitReportReporter -->
<testsuite hostname="SIPL92" failures="0" tests="1" name="shipmentFedExWebSite.ShipmentCreation" time="2386.467" errors="0" timestamp="27 Apr 2022 09:29:57 GMT">
  <testcase classname="shipmentFedExWebSite.ShipmentCreation" name="shipmentCreation" time="2386.467"/>
</testsuite> <!-- shipmentFedExWebSite.ShipmentCreation -->
