<?xml version="1.0" encoding="UTF-8"?>
<!-- Generated by org.testng.reporters.JUnitReportReporter -->
<testsuite hostname="SIPL92" failures="0" tests="1" name="com.fdxMasterScreens.BaseClass" time="17.240" errors="0" timestamp="23 Mar 2022 04:23:40 GMT">
  <testcase classname="com.fdxMasterScreens.BaseClass" name="baseMethods" time="17.240"/>
</testsuite> <!-- com.fdxMasterScreens.BaseClass -->
