<?xml version="1.0" encoding="UTF-8"?>
<!-- Generated by org.testng.reporters.JUnitReportReporter -->
<testsuite hostname="SIPL92" failures="0" tests="1" name="com.fdxMasterScreens.BrokenLinks" time="96.233" errors="0" timestamp="5 Apr 2022 04:04:44 GMT">
  <testcase classname="com.fdxMasterScreens.BrokenLinks" name="brokenLinks" time="96.233"/>
</testsuite> <!-- com.fdxMasterScreens.BrokenLinks -->
