<?xml version="1.0" encoding="UTF-8"?>
<!-- Generated by org.testng.reporters.JUnitReportReporter -->
<testsuite hostname="SIPL92" failures="0" tests="1" name="rateScreenFedEx.RateVerification" time="0.564" errors="0" timestamp="28 Mar 2022 05:25:22 GMT">
  <testcase classname="rateScreenFedEx.RateVerification" name="prService" time="0.564"/>
</testsuite> <!-- rateScreenFedEx.RateVerification -->
