<?xml version="1.0" encoding="UTF-8"?>
<!-- Generated by org.testng.reporters.JUnitReportReporter -->
<testsuite hostname="SIPL92" failures="0" tests="1" name="shipmentFedExWebSite.CrudOperation" time="375.943" errors="0" timestamp="13 May 2022 08:10:07 GMT">
  <testcase classname="shipmentFedExWebSite.CrudOperation" name="crudOperations" time="375.943"/>
</testsuite> <!-- shipmentFedExWebSite.CrudOperation -->
