<?xml version="1.0" encoding="UTF-8"?>
<!-- Generated by org.testng.reporters.JUnitReportReporter -->
<testsuite hostname="SIPL92" failures="0" tests="1" name="shipmentFedExWebSite.CrudOperation" time="284.890" errors="0" timestamp="1 Mar 2022 12:01:31 GMT">
  <testcase classname="shipmentFedExWebSite.CrudOperation" name="crudOperations" time="284.890"/>
</testsuite> <!-- shipmentFedExWebSite.CrudOperation -->
