<?xml version="1.0" encoding="UTF-8"?>
<!-- Generated by org.testng.reporters.JUnitReportReporter -->
<testsuite hostname="SIPL92" failures="0" tests="1" name="com.fdxMasterScreens.BrokenLinks" time="69.839" errors="0" timestamp="23 Jun 2022 10:40:24 GMT">
  <testcase classname="com.fdxMasterScreens.BrokenLinks" name="brokenLinks" time="69.839"/>
</testsuite> <!-- com.fdxMasterScreens.BrokenLinks -->
