<?xml version="1.0" encoding="UTF-8"?>
<!-- Generated by org.testng.reporters.JUnitReportReporter -->
<testsuite hostname="SIPL92" failures="0" tests="1" name="com.fdxMasterScreens.BaseClass" time="195.469" errors="0" timestamp="13 May 2022 10:27:44 GMT">
  <testcase classname="com.fdxMasterScreens.BaseClass" name="baseMethods" time="195.469"/>
</testsuite> <!-- com.fdxMasterScreens.BaseClass -->
