<?xml version="1.0" encoding="UTF-8"?>
<!-- Generated by org.testng.reporters.JUnitReportReporter -->
<testsuite hostname="SIPL92" failures="0" tests="1" name="com.fdxMasterScreens.ActivityReport" time="21.926" errors="0" timestamp="28 Feb 2022 06:26:56 GMT">
  <testcase classname="com.fdxMasterScreens.ActivityReport" name="actReport" time="21.926"/>
</testsuite> <!-- com.fdxMasterScreens.ActivityReport -->
