<?xml version="1.0" encoding="UTF-8"?>
<!-- Generated by org.testng.reporters.JUnitReportReporter -->
<testsuite hostname="SIPL92" failures="0" tests="1" name="com.fdxMasterScreens.BrokenLinks" time="67.279" errors="0" timestamp="20 May 2022 15:50:37 GMT">
  <testcase classname="com.fdxMasterScreens.BrokenLinks" name="brokenLinks" time="67.279"/>
</testsuite> <!-- com.fdxMasterScreens.BrokenLinks -->
