<?xml version="1.0" encoding="UTF-8"?>
<!-- Generated by org.testng.reporters.JUnitReportReporter -->
<testsuite hostname="SIPL92" failures="0" tests="1" name="shipmentFedExWebSite.CrudOperation" time="319.597" errors="0" timestamp="4 May 2022 04:37:32 GMT">
  <testcase classname="shipmentFedExWebSite.CrudOperation" name="crudOperations" time="319.597"/>
</testsuite> <!-- shipmentFedExWebSite.CrudOperation -->
