<?xml version="1.0" encoding="UTF-8"?>
<!-- Generated by org.testng.reporters.JUnitReportReporter -->
<testsuite hostname="SIPL92" failures="0" tests="1" name="shipmentFedExWebSite.CrudOperation" time="303.105" errors="0" timestamp="5 May 2022 08:12:59 GMT">
  <testcase classname="shipmentFedExWebSite.CrudOperation" name="crudOperations" time="303.105"/>
</testsuite> <!-- shipmentFedExWebSite.CrudOperation -->
