<?xml version="1.0" encoding="UTF-8"?>
<!-- Generated by org.testng.reporters.JUnitReportReporter -->
<testsuite hostname="SIPL92" failures="0" tests="1" name="com.fdxMasterScreens.BrokenLinks" time="1.465" errors="0" timestamp="14 Jun 2022 04:51:19 GMT">
  <testcase classname="com.fdxMasterScreens.BrokenLinks" name="brokenLinks" time="1.465"/>
</testsuite> <!-- com.fdxMasterScreens.BrokenLinks -->
