<?xml version="1.0" encoding="UTF-8"?>
<!-- Generated by org.testng.reporters.JUnitReportReporter -->
<testsuite hostname="SIPL92" failures="0" tests="1" name="shipmentFedExWebSite.CrudOperation" time="281.828" errors="0" timestamp="23 Mar 2022 04:23:40 GMT">
  <testcase classname="shipmentFedExWebSite.CrudOperation" name="crudOperations" time="281.828"/>
</testsuite> <!-- shipmentFedExWebSite.CrudOperation -->
