<?xml version="1.0" encoding="UTF-8"?>
<!-- Generated by org.testng.reporters.JUnitReportReporter -->
<testsuite hostname="SIPL92" failures="0" tests="1" name="shipmentFedExWebSite.CrudOperation" time="253.634" errors="0" timestamp="25 May 2022 04:59:48 GMT">
  <testcase classname="shipmentFedExWebSite.CrudOperation" name="crudOperations" time="253.634"/>
</testsuite> <!-- shipmentFedExWebSite.CrudOperation -->
