<?xml version="1.0" encoding="UTF-8"?>
<!-- Generated by org.testng.reporters.JUnitReportReporter -->
<testsuite hostname="SIPL92" failures="0" tests="1" name="shipmentFedExWebSite.CrudOperation" time="305.045" errors="0" timestamp="15 Jun 2022 10:23:49 GMT">
  <testcase classname="shipmentFedExWebSite.CrudOperation" name="crudOperations" time="305.045"/>
</testsuite> <!-- shipmentFedExWebSite.CrudOperation -->
