<?xml version="1.0" encoding="UTF-8"?>
<!-- Generated by org.testng.reporters.JUnitReportReporter -->
<testsuite hostname="SIPL92" failures="0" tests="1" name="shipmentFedExWebSite.ShipmentCreation" time="2237.763" errors="0" timestamp="30 Mar 2022 11:24:01 GMT">
  <testcase classname="shipmentFedExWebSite.ShipmentCreation" name="shipmentCreation" time="2237.763"/>
</testsuite> <!-- shipmentFedExWebSite.ShipmentCreation -->
