<?xml version="1.0" encoding="UTF-8"?>
<!-- Generated by org.testng.reporters.JUnitReportReporter -->
<testsuite hostname="SIPL92" failures="0" tests="1" name="shipmentFedExWebSite.ShipmentCreation" time="1565.804" errors="0" timestamp="18 Jun 2022 05:57:12 GMT">
  <testcase classname="shipmentFedExWebSite.ShipmentCreation" name="shipmentCreation" time="1565.804"/>
</testsuite> <!-- shipmentFedExWebSite.ShipmentCreation -->
