<?xml version="1.0" encoding="UTF-8"?>
<!-- Generated by org.testng.reporters.JUnitReportReporter -->
<testsuite hostname="SIPL92" failures="0" tests="1" name="rateScreenFedEx.RateVerification" time="1878.362" errors="0" timestamp="28 Jun 2022 12:26:52 GMT">
  <testcase classname="rateScreenFedEx.RateVerification" name="prService" time="1878.362"/>
</testsuite> <!-- rateScreenFedEx.RateVerification -->
