<?xml version="1.0" encoding="UTF-8"?>
<!-- Generated by org.testng.reporters.JUnitReportReporter -->
<testsuite hostname="SIPL92" failures="0" tests="1" name="shipmentFedExWebSite.CheetahOrderProcessing" time="348.481" errors="0" timestamp="29 Mar 2022 04:10:13 GMT">
  <testcase classname="shipmentFedExWebSite.CheetahOrderProcessing" name="cheetahOrderPro" time="348.481"/>
</testsuite> <!-- shipmentFedExWebSite.CheetahOrderProcessing -->
