<?xml version="1.0" encoding="UTF-8"?>
<!-- Generated by org.testng.reporters.JUnitReportReporter -->
<testsuite hostname="SIPL92" failures="0" tests="1" name="shipmentFedExWebSite.ShipmentCreation" time="2448.071" errors="0" timestamp="5 Apr 2022 12:10:34 GMT">
  <testcase classname="shipmentFedExWebSite.ShipmentCreation" name="shipmentCreation" time="2448.071"/>
</testsuite> <!-- shipmentFedExWebSite.ShipmentCreation -->
