<?xml version="1.0" encoding="UTF-8"?>
<!-- Generated by org.testng.reporters.JUnitReportReporter -->
<testsuite hostname="SIPL92" failures="0" tests="1" name="com.fdxMasterScreens.BaseClass" time="26.781" errors="0" timestamp="28 Apr 2022 05:18:30 GMT">
  <testcase classname="com.fdxMasterScreens.BaseClass" name="baseMethods" time="26.781"/>
</testsuite> <!-- com.fdxMasterScreens.BaseClass -->
