<?xml version="1.0" encoding="UTF-8"?>
<!-- Generated by org.testng.reporters.JUnitReportReporter -->
<testsuite hostname="SIPL92" failures="0" tests="1" name="com.fdxMasterScreens.BrokenLinks" time="94.165" errors="0" timestamp="24 Mar 2022 04:24:10 GMT">
  <testcase classname="com.fdxMasterScreens.BrokenLinks" name="brokenLinks" time="94.165"/>
</testsuite> <!-- com.fdxMasterScreens.BrokenLinks -->
