<?xml version="1.0" encoding="UTF-8"?>
<!-- Generated by org.testng.reporters.JUnitReportReporter -->
<testsuite hostname="SIPL92" failures="0" tests="1" name="shipmentFedExWebSite.CrudOperation" time="258.159" errors="0" timestamp="29 Apr 2022 04:03:16 GMT">
  <testcase classname="shipmentFedExWebSite.CrudOperation" name="crudOperations" time="258.159"/>
</testsuite> <!-- shipmentFedExWebSite.CrudOperation -->
