<?xml version="1.0" encoding="UTF-8"?>
<!-- Generated by org.testng.reporters.JUnitReportReporter -->
<testsuite hostname="SIPL92" failures="0" tests="1" name="rateScreenFedEx.RateVerification" time="1944.516" errors="0" timestamp="23 Jun 2022 05:29:08 GMT">
  <testcase classname="rateScreenFedEx.RateVerification" name="prService" time="1944.516"/>
</testsuite> <!-- rateScreenFedEx.RateVerification -->
