<?xml version="1.0" encoding="UTF-8"?>
<!-- Generated by org.testng.reporters.JUnitReportReporter -->
<testsuite hostname="SIPL92" failures="0" tests="1" name="rateScreenFedEx.RateVerification" time="2027.209" errors="0" timestamp="29 Apr 2022 05:39:59 GMT">
  <testcase classname="rateScreenFedEx.RateVerification" name="prService" time="2027.209"/>
</testsuite> <!-- rateScreenFedEx.RateVerification -->
