<?xml version="1.0" encoding="UTF-8"?>
<!-- Generated by org.testng.reporters.JUnitReportReporter -->
<testsuite hostname="SIPL92" failures="0" tests="1" name="rateScreenFedEx.RateVerification" time="1997.640" errors="0" timestamp="5 May 2022 08:12:59 GMT">
  <testcase classname="rateScreenFedEx.RateVerification" name="prService" time="1997.640"/>
</testsuite> <!-- rateScreenFedEx.RateVerification -->
