<?xml version="1.0" encoding="UTF-8"?>
<!-- Generated by org.testng.reporters.JUnitReportReporter -->
<testsuite hostname="SIPL92" failures="0" tests="1" name="com.fdxMasterScreens.BrokenLinks" time="92.772" errors="0" timestamp="19 May 2022 09:01:13 GMT">
  <testcase classname="com.fdxMasterScreens.BrokenLinks" name="brokenLinks" time="92.772"/>
</testsuite> <!-- com.fdxMasterScreens.BrokenLinks -->
