<?xml version="1.0" encoding="UTF-8"?>
<!-- Generated by org.testng.reporters.JUnitReportReporter -->
<testsuite hostname="SIPL92" failures="0" tests="1" name="rateScreenFedEx.RateVerification" time="139.692" errors="0" timestamp="7 Apr 2022 10:10:13 GMT">
  <testcase classname="rateScreenFedEx.RateVerification" name="prService" time="139.692"/>
</testsuite> <!-- rateScreenFedEx.RateVerification -->
