<?xml version="1.0" encoding="UTF-8"?>
<!-- Generated by org.testng.reporters.JUnitReportReporter -->
<testsuite hostname="SIPL92" failures="0" tests="1" name="shipmentFedExWebSite.ShipmentCreation" time="1349.441" errors="0" timestamp="23 Mar 2022 06:32:55 GMT">
  <testcase classname="shipmentFedExWebSite.ShipmentCreation" name="shipmentCreation" time="1349.441"/>
</testsuite> <!-- shipmentFedExWebSite.ShipmentCreation -->
