<?xml version="1.0" encoding="UTF-8"?>
<!-- Generated by org.testng.reporters.JUnitReportReporter -->
<testsuite hostname="SIPL92" failures="0" tests="1" name="com.fdxMasterScreens.BrokenLinks" time="86.230" errors="0" timestamp="15 Jun 2022 10:23:49 GMT">
  <testcase classname="com.fdxMasterScreens.BrokenLinks" name="brokenLinks" time="86.230"/>
</testsuite> <!-- com.fdxMasterScreens.BrokenLinks -->
