<?xml version="1.0" encoding="UTF-8"?>
<!-- Generated by org.testng.reporters.JUnitReportReporter -->
<testsuite hostname="SIPL92" failures="0" tests="1" name="shipmentFedExWebSite.ShipmentCreation" time="2459.172" errors="0" timestamp="7 Apr 2022 05:02:39 GMT">
  <testcase classname="shipmentFedExWebSite.ShipmentCreation" name="shipmentCreation" time="2459.172"/>
</testsuite> <!-- shipmentFedExWebSite.ShipmentCreation -->
